Using pre-set license
Built from '2020.3/staging' branch; Version is '2020.3.13f1 (71691879b7f5) revision 7432472'; Using compiler version '192528614'; Build Type 'Release'
OS: 'Windows 10 Enterprise; OS build 18363.1854; Version 1909; 64bit' Language: 'en' Physical Memory: 4048 MB
BatchMode: 1, IsHumanControllingUs: 0, StartBugReporterOnCrash: 0, Is64bit: 1, IsPro: 0

 COMMAND LINE ARGUMENTS:
C:\Program Files\Unity\Hub\Editor\2020.3.13f1\Editor\Unity.exe
-adb2
-batchMode
-noUpm
-name
AssetImportWorker1
-projectPath
C:/gamepro/FinalGameKU
-logFile
Logs/AssetImportWorker1.log
-srvPort
50111
Successfully changed project path to: C:/gamepro/FinalGameKU
C:/gamepro/FinalGameKU
Using Asset Import Pipeline V2.
Refreshing native plugins compatible for Editor in 40.40 ms, found 2 plugins.
Preloading 0 native plugins for Editor in 0.00 ms.
Initialize engine version: 2020.3.13f1 (71691879b7f5)
[Subsystems] Discovering subsystems at path C:/Program Files/Unity/Hub/Editor/2020.3.13f1/Editor/Data/Resources/UnitySubsystems
[Subsystems] Discovering subsystems at path C:/gamepro/FinalGameKU/Assets
GfxDevice: creating device client; threaded=0
Direct3D:
    Version:  Direct3D 11.0 [level 11.0]
    Renderer: NVIDIA GeForce GT 730 (ID=0xf02)
    Vendor:   
    VRAM:     2000 MB
    Driver:   23.21.13.8813
Initialize mono
Mono path[0] = 'C:/Program Files/Unity/Hub/Editor/2020.3.13f1/Editor/Data/Managed'
Mono path[1] = 'C:/Program Files/Unity/Hub/Editor/2020.3.13f1/Editor/Data/MonoBleedingEdge/lib/mono/unityjit'
Mono config path = 'C:/Program Files/Unity/Hub/Editor/2020.3.13f1/Editor/Data/MonoBleedingEdge/etc'
Using monoOptions --debugger-agent=transport=dt_socket,embedding=1,server=y,suspend=n,address=127.0.0.1:56140
Begin MonoManager ReloadAssembly
Registering precompiled unity dll's ...
Register platform support module: C:/Program Files/Unity/Hub/Editor/2020.3.13f1/Editor/Data/PlaybackEngines/WebGLSupport/UnityEditor.WebGL.Extensions.dll
Register platform support module: C:/Program Files/Unity/Hub/Editor/2020.3.13f1/Editor/Data/PlaybackEngines/WindowsStandaloneSupport/UnityEditor.WindowsStandalone.Extensions.dll
Registered in 0.002958 seconds.
Native extension for WindowsStandalone target not found
Native extension for WebGL target not found
Refreshing native plugins compatible for Editor in 42.74 ms, found 2 plugins.
Preloading 0 native plugins for Editor in 0.00 ms.
Unable to find bridge dll in registry for Microsoft Visual Studio Tools for Unity for C:\Program Files (x86)\Microsoft Visual Studio\2019\Community\Common7\IDE\devenv.exe
Mono: successfully reloaded assembly
- Completed reload, in  1.656 seconds
Platform modules already initialized, skipping
Registering precompiled user dll's ...
Registered in 0.005460 seconds.
Begin MonoManager ReloadAssembly
Native extension for WindowsStandalone target not found
Native extension for WebGL target not found
Refreshing native plugins compatible for Editor in 0.42 ms, found 2 plugins.
Preloading 0 native plugins for Editor in 0.00 ms.
Mono: successfully reloaded assembly
- Completed reload, in  2.058 seconds
Platform modules already initialized, skipping
========================================================================
Worker process is ready to serve import requests
Launched and connected shader compiler UnityShaderCompiler.exe after 0.13 seconds
Refreshing native plugins compatible for Editor in 0.39 ms, found 2 plugins.
Preloading 0 native plugins for Editor in 0.00 ms.
Unloading 1760 Unused Serialized files (Serialized files now loaded: 0)
System memory in use before: 94.3 MB.
System memory in use after: 94.4 MB.

Unloading 19 unused Assets to reduce memory usage. Loaded Objects now: 2213.
Total: 2.219400 ms (FindLiveObjects: 0.203300 ms CreateObjectMapping: 0.078100 ms MarkObjects: 1.831800 ms  DeleteObjects: 0.105000 ms)

AssetImportParameters requested are different than current active one (requested -> active):
  custom:framework-win-MediaFoundation: 216162199b28c13a410421893ffa2e32 -> 
  custom:video-decoder-ogg-theora: a1e56fd34408186e4bbccfd4996cb3dc -> 
  custom:container-muxer-webm: aa71ff27fc2769a1b78a27578f13a17b -> 
  custom:container-demuxer-webm: 4f35f7cbe854078d1ac9338744f61a02 -> 
  custom:container-demuxer-ogg: 62fdf1f143b41e24485cea50d1cbac27 -> 
  custom:video-encoder-webm-vp8: eb34c28f22e8b96e1ab97ce403110664 -> 
  custom:video-decoder-webm-vp8: 9c59270c3fd7afecdb556c50c9e8de78 -> 
  custom:audio-decoder-ogg-vorbis: bf7c407c2cedff20999df2af8eb42d56 -> 
  custom:audio-encoder-webm-vorbis: bf7c407c2cedff20999df2af8eb42d56 -> 
========================================================================
Received Import Request.
  path: Assets/Scenes/level2.unity
  artifactKey: Guid(bacdb99680523e94abfd3e24190ef514) Importer(815301076,1909f56bfc062723c751e8b465ee728b)
Start importing Assets/Scenes/level2.unity using Guid(bacdb99680523e94abfd3e24190ef514) Importer(815301076,1909f56bfc062723c751e8b465ee728b)  -> (artifact id: '50396151431c0c31989439816a64aa75') in 0.025331 seconds 
  Import took 0.046740 seconds .

========================================================================
Received Import Request.
  Time since last request: 104.426128 seconds.
  path: Assets/Hamterball.png
  artifactKey: Guid(8609c477a27c66542bb280437964e5ce) Importer(815301076,1909f56bfc062723c751e8b465ee728b)
Start importing Assets/Hamterball.png using Guid(8609c477a27c66542bb280437964e5ce) Importer(815301076,1909f56bfc062723c751e8b465ee728b)  -> (artifact id: 'b6952cb3a32a052c12aa31dcfc69ea93') in 0.146291 seconds 
  Import took 0.149888 seconds .

========================================================================
Received Import Request.
  Time since last request: 15.143346 seconds.
  path: Assets/Hamterball.png
  artifactKey: Guid(8609c477a27c66542bb280437964e5ce) Importer(815301076,1909f56bfc062723c751e8b465ee728b)
Start importing Assets/Hamterball.png using Guid(8609c477a27c66542bb280437964e5ce) Importer(815301076,1909f56bfc062723c751e8b465ee728b)  -> (artifact id: '4cb7f02e08a2f6ff9eaeffa2450caeab') in 0.088011 seconds 
  Import took 0.100870 seconds .

========================================================================
Received Import Request.
  Time since last request: 90.447286 seconds.
  path: Assets/Marcos Schultz/MSAdvancedCameraController/Scripts/MobileSystems/cameraSwitchKeyIMG.png
  artifactKey: Guid(1b72c939496953645b034d1518c71056) Importer(815301076,1909f56bfc062723c751e8b465ee728b)
Start importing Assets/Marcos Schultz/MSAdvancedCameraController/Scripts/MobileSystems/cameraSwitchKeyIMG.png using Guid(1b72c939496953645b034d1518c71056) Importer(815301076,1909f56bfc062723c751e8b465ee728b)  -> (artifact id: '2ff9a5e27b19869cebb78676789d7b2d') in 0.074982 seconds 
  Import took 0.124082 seconds .

========================================================================
Received Import Request.
  Time since last request: 0.000270 seconds.
  path: Assets/Marcos Schultz/MSAdvancedCameraController/Scripts/MobileSystems/front.png
  artifactKey: Guid(1ef2f5afd8a2c4e4a8070fccf3b0e55a) Importer(815301076,1909f56bfc062723c751e8b465ee728b)
Start importing Assets/Marcos Schultz/MSAdvancedCameraController/Scripts/MobileSystems/front.png using Guid(1ef2f5afd8a2c4e4a8070fccf3b0e55a) Importer(815301076,1909f56bfc062723c751e8b465ee728b)  -> (artifact id: 'a4c449b44549be7c9b1a809ff93458cc') in 0.036622 seconds 
  Import took 0.062971 seconds .

========================================================================
Received Import Request.
  Time since last request: 0.000347 seconds.
  path: Assets/Marcos Schultz/MSAdvancedCameraController/Scripts/MobileSystems/scrollDown.png
  artifactKey: Guid(c3447e6377fbe51468123940ff79a2d5) Importer(815301076,1909f56bfc062723c751e8b465ee728b)
Start importing Assets/Marcos Schultz/MSAdvancedCameraController/Scripts/MobileSystems/scrollDown.png using Guid(c3447e6377fbe51468123940ff79a2d5) Importer(815301076,1909f56bfc062723c751e8b465ee728b)  -> (artifact id: 'a0d7b11349d37545bbaee3a1c31509bf') in 0.028900 seconds 
  Import took 0.041578 seconds .

========================================================================
Received Import Request.
  Time since last request: 0.000278 seconds.
  path: Assets/Marcos Schultz/MSAdvancedCameraController/Scripts/MobileSystems/front.png
  artifactKey: Guid(1ef2f5afd8a2c4e4a8070fccf3b0e55a) Importer(815301076,1909f56bfc062723c751e8b465ee728b)
Start importing Assets/Marcos Schultz/MSAdvancedCameraController/Scripts/MobileSystems/front.png using Guid(1ef2f5afd8a2c4e4a8070fccf3b0e55a) Importer(815301076,1909f56bfc062723c751e8b465ee728b)  -> (artifact id: 'a4c449b44549be7c9b1a809ff93458cc') in 0.022699 seconds 
  Import took 0.026718 seconds .

========================================================================
Received Import Request.
  Time since last request: 0.000386 seconds.
  path: Assets/Marcos Schultz/MSAdvancedCameraController/Scripts/MobileSystems/scrollDown.png
  artifactKey: Guid(c3447e6377fbe51468123940ff79a2d5) Importer(815301076,1909f56bfc062723c751e8b465ee728b)
Start importing Assets/Marcos Schultz/MSAdvancedCameraController/Scripts/MobileSystems/scrollDown.png using Guid(c3447e6377fbe51468123940ff79a2d5) Importer(815301076,1909f56bfc062723c751e8b465ee728b)  -> (artifact id: 'a0d7b11349d37545bbaee3a1c31509bf') in 0.010596 seconds 
  Import took 0.015040 seconds .

========================================================================
Received Import Request.
  Time since last request: 0.000292 seconds.
  path: Assets/Marcos Schultz/MSAdvancedCameraController/Scripts/MobileSystems/scrollUp.png
  artifactKey: Guid(8a7c95e9bd113c14a820dcf3277e971c) Importer(815301076,1909f56bfc062723c751e8b465ee728b)
Start importing Assets/Marcos Schultz/MSAdvancedCameraController/Scripts/MobileSystems/scrollUp.png using Guid(8a7c95e9bd113c14a820dcf3277e971c) Importer(815301076,1909f56bfc062723c751e8b465ee728b)  -> (artifact id: '62a042e1061872eb98e4abfba704b190') in 0.039745 seconds 
  Import took 0.051500 seconds .

========================================================================
Received Import Request.
  Time since last request: 0.000294 seconds.
  path: Assets/Marcos Schultz/MSAdvancedCameraController/Scripts/MobileSystems/cameraSwitchKeyIMG.png
  artifactKey: Guid(1b72c939496953645b034d1518c71056) Importer(815301076,1909f56bfc062723c751e8b465ee728b)
Start importing Assets/Marcos Schultz/MSAdvancedCameraController/Scripts/MobileSystems/cameraSwitchKeyIMG.png using Guid(1b72c939496953645b034d1518c71056) Importer(815301076,1909f56bfc062723c751e8b465ee728b)  -> (artifact id: '2ff9a5e27b19869cebb78676789d7b2d') in 0.011386 seconds 
  Import took 0.015694 seconds .

========================================================================
Received Import Request.
  Time since last request: 7.063755 seconds.
  path: Assets/Marcos Schultz/MSAdvancedCameraController/Scripts/MobileSystems/back.png
  artifactKey: Guid(7c7873ee8f1b8074ebf26b948e25cf2a) Importer(815301076,1909f56bfc062723c751e8b465ee728b)
Start importing Assets/Marcos Schultz/MSAdvancedCameraController/Scripts/MobileSystems/back.png using Guid(7c7873ee8f1b8074ebf26b948e25cf2a) Importer(815301076,1909f56bfc062723c751e8b465ee728b)  -> (artifact id: '900a36352af1ed13fadcbf760864b673') in 0.040471 seconds 
  Import took 0.059460 seconds .

========================================================================
Received Import Request.
  Time since last request: 757.496850 seconds.
  path: Assets/111.png
  artifactKey: Guid(d347a40466d72764889b3972ad392344) Importer(815301076,1909f56bfc062723c751e8b465ee728b)
Start importing Assets/111.png using Guid(d347a40466d72764889b3972ad392344) Importer(815301076,1909f56bfc062723c751e8b465ee728b)  -> (artifact id: '71748f2d3e3957821668a6875e9510b1') in 0.027459 seconds 
  Import took 0.084262 seconds .

========================================================================
Received Import Request.
  Time since last request: 76.263890 seconds.
  path: Assets/111.png
  artifactKey: Guid(d347a40466d72764889b3972ad392344) Importer(815301076,1909f56bfc062723c751e8b465ee728b)
Start importing Assets/111.png using Guid(d347a40466d72764889b3972ad392344) Importer(815301076,1909f56bfc062723c751e8b465ee728b)  -> (artifact id: '690a8cab28eefc37382c64480c9ceb07') in 0.024050 seconds 
  Import took 0.036392 seconds .

========================================================================
Received Prepare
Refreshing native plugins compatible for Editor in 292.56 ms, found 2 plugins.
Preloading 0 native plugins for Editor in 0.00 ms.
Unloading 12 Unused Serialized files (Serialized files now loaded: 0)
System memory in use before: 61.2 MB.
System memory in use after: 61.3 MB.

Unloading 12 unused Assets to reduce memory usage. Loaded Objects now: 2223.
Total: 3.064000 ms (FindLiveObjects: 0.168000 ms CreateObjectMapping: 0.049500 ms MarkObjects: 2.774200 ms  DeleteObjects: 0.070700 ms)

AssetImportParameters requested are different than current active one (requested -> active):
  custom:framework-win-MediaFoundation: 216162199b28c13a410421893ffa2e32 -> 
  custom:video-decoder-ogg-theora: a1e56fd34408186e4bbccfd4996cb3dc -> 
  custom:container-muxer-webm: aa71ff27fc2769a1b78a27578f13a17b -> 
  custom:container-demuxer-webm: 4f35f7cbe854078d1ac9338744f61a02 -> 
  custom:container-demuxer-ogg: 62fdf1f143b41e24485cea50d1cbac27 -> 
  custom:video-encoder-webm-vp8: eb34c28f22e8b96e1ab97ce403110664 -> 
  custom:video-decoder-webm-vp8: 9c59270c3fd7afecdb556c50c9e8de78 -> 
  custom:audio-decoder-ogg-vorbis: bf7c407c2cedff20999df2af8eb42d56 -> 
  custom:audio-encoder-webm-vorbis: bf7c407c2cedff20999df2af8eb42d56 -> 
========================================================================
Received Import Request.
  Time since last request: 452.623932 seconds.
  path: Assets/Scenes/Playground.unity
  artifactKey: Guid(f230f455a42685e4e9a3dee7b5f35b28) Importer(815301076,1909f56bfc062723c751e8b465ee728b)
Start importing Assets/Scenes/Playground.unity using Guid(f230f455a42685e4e9a3dee7b5f35b28) Importer(815301076,1909f56bfc062723c751e8b465ee728b)  -> (artifact id: '31d03903cfdb4ab28e00452c8966e6e8') in 0.009608 seconds 
  Import took 0.018845 seconds .

========================================================================
Received Import Request.
  Time since last request: 32.166226 seconds.
  path: Assets/Scenes/level3.unity
  artifactKey: Guid(6b8d9e44462ac3f448b9269c05eb0fe4) Importer(815301076,1909f56bfc062723c751e8b465ee728b)
Start importing Assets/Scenes/level3.unity using Guid(6b8d9e44462ac3f448b9269c05eb0fe4) Importer(815301076,1909f56bfc062723c751e8b465ee728b)  -> (artifact id: '93eacd00101856c41565302a4f933d96') in 0.005334 seconds 
  Import took 0.031793 seconds .

========================================================================
Received Prepare
Refreshing native plugins compatible for Editor in 6.40 ms, found 2 plugins.
Preloading 0 native plugins for Editor in 0.00 ms.
Unloading 12 Unused Serialized files (Serialized files now loaded: 0)
System memory in use before: 61.2 MB.
System memory in use after: 61.3 MB.

Unloading 12 unused Assets to reduce memory usage. Loaded Objects now: 2223.
Total: 3.594500 ms (FindLiveObjects: 0.352800 ms CreateObjectMapping: 0.102400 ms MarkObjects: 3.056900 ms  DeleteObjects: 0.081200 ms)

AssetImportParameters requested are different than current active one (requested -> active):
  custom:framework-win-MediaFoundation: 216162199b28c13a410421893ffa2e32 -> 
  custom:video-decoder-ogg-theora: a1e56fd34408186e4bbccfd4996cb3dc -> 
  custom:container-muxer-webm: aa71ff27fc2769a1b78a27578f13a17b -> 
  custom:container-demuxer-webm: 4f35f7cbe854078d1ac9338744f61a02 -> 
  custom:container-demuxer-ogg: 62fdf1f143b41e24485cea50d1cbac27 -> 
  custom:video-encoder-webm-vp8: eb34c28f22e8b96e1ab97ce403110664 -> 
  custom:video-decoder-webm-vp8: 9c59270c3fd7afecdb556c50c9e8de78 -> 
  custom:audio-decoder-ogg-vorbis: bf7c407c2cedff20999df2af8eb42d56 -> 
  custom:audio-encoder-webm-vorbis: bf7c407c2cedff20999df2af8eb42d56 -> 
========================================================================
Received Prepare
Refreshing native plugins compatible for Editor in 3.92 ms, found 2 plugins.
Preloading 0 native plugins for Editor in 0.00 ms.
Unloading 12 Unused Serialized files (Serialized files now loaded: 0)
System memory in use before: 61.2 MB.
System memory in use after: 61.3 MB.

Unloading 12 unused Assets to reduce memory usage. Loaded Objects now: 2223.
Total: 3.405700 ms (FindLiveObjects: 0.197900 ms CreateObjectMapping: 0.058700 ms MarkObjects: 3.047000 ms  DeleteObjects: 0.100800 ms)

AssetImportParameters requested are different than current active one (requested -> active):
  custom:framework-win-MediaFoundation: 216162199b28c13a410421893ffa2e32 -> 
  custom:video-decoder-ogg-theora: a1e56fd34408186e4bbccfd4996cb3dc -> 
  custom:container-muxer-webm: aa71ff27fc2769a1b78a27578f13a17b -> 
  custom:container-demuxer-webm: 4f35f7cbe854078d1ac9338744f61a02 -> 
  custom:container-demuxer-ogg: 62fdf1f143b41e24485cea50d1cbac27 -> 
  custom:video-encoder-webm-vp8: eb34c28f22e8b96e1ab97ce403110664 -> 
  custom:video-decoder-webm-vp8: 9c59270c3fd7afecdb556c50c9e8de78 -> 
  custom:audio-decoder-ogg-vorbis: bf7c407c2cedff20999df2af8eb42d56 -> 
  custom:audio-encoder-webm-vorbis: bf7c407c2cedff20999df2af8eb42d56 -> 
